SF:lib/main.dart
DA:4,0
DA:5,0
DA:9,0
DA:11,0
DA:13,0
DA:16,0
DA:22,1
DA:23,1
DA:36,1
DA:38,2
DA:40,2
DA:41,2
DA:43,2
DA:45,2
DA:48,2
DA:50,1
DA:55,0
DA:56,0
DA:57,0
DA:58,0
DA:62,0
DA:63,0
DA:64,0
DA:68,1
DA:72,1
DA:73,1
DA:74,1
DA:77,1
DA:81,1
DA:83,1
DA:85,1
DA:86,1
DA:88,1
DA:89,1
DA:95,1
DA:97,1
DA:98,1
DA:99,1
DA:100,1
DA:102,1
DA:104,1
DA:105,1
DA:106,1
DA:107,1
DA:109,1
DA:111,1
DA:112,2
DA:113,1
DA:115,1
DA:117,1
DA:118,1
DA:120,1
DA:121,1
DA:122,1
DA:123,1
DA:124,1
DA:125,1
DA:126,1
DA:127,1
DA:128,1
DA:129,1
DA:130,1
DA:131,1
DA:132,1
DA:133,1
DA:134,1
DA:135,1
DA:136,1
DA:146,1
DA:147,1
DA:148,2
DA:149,0
DA:150,2
LF:73
LH:59
end_of_record
